<?xml version="1.0" encoding="UTF-8"?>
<testsuite xmlns:xsi="http://www.w3.org/2001/XMLSchema-instance" xsi:noNamespaceSchemaLocation="https://maven.apache.org/surefire/maven-surefire-plugin/xsd/surefire-test-report-3.0.xsd" version="3.0" name="by.belstu.it.lyskov.calculator.CalculatorTest" time="0.52" tests="11" errors="0" skipped="0" failures="0">
  <properties>
[...]
</properties>
  <testcase name="testNotNullLineShouldNotTrow" classname="by.belstu.it.lyskov.calculator.CalculatorTest" time="0.408"/>
  <testcase name="testMinusOperation" classname="by.belstu.it.lyskov.calculator.CalculatorTest" time="0.007"/>
  <testcase name="testPlusOperation" classname="by.belstu.it.lyskov.calculator.CalculatorTest" time="0.003"/>
  <testcase name="testResultShouldBeEmptyIfLineInvalid" classname="by.belstu.it.lyskov.calculator.CalculatorTest" time="0.003"/>
  <testcase name="testResultShouldBeEmptyIfLineIsWord" classname="by.belstu.it.lyskov.calculator.CalculatorTest" time="0.002"/>
  <testcase name="testEmptyLineShouldProduceEmptyResult" classname="by.belstu.it.lyskov.calculator.CalculatorTest" time="0.002"/>
  <testcase name="testResultShouldBeEmptyIfLineHasInvalidOperations" classname="by.belstu.it.lyskov.calculator.CalculatorTest" time="0.008"/>
  <testcase name="testNullLineShouldThrow" classname="by.belstu.it.lyskov.calculator.CalculatorTest" time="0.004"/>
  <testcase name="testDivideOperation" classname="by.belstu.it.lyskov.calculator.CalculatorTest" time="0.004"/>
  <testcase name="testSingleNumberShouldProduceEmptyResult" classname="by.belstu.it.lyskov.calculator.CalculatorTest" time="0.002"/>
  <testcase name="testMultiplyOperation" classname="by.belstu.it.lyskov.calculator.CalculatorTest" time="0.003"/>
</testsuite>